0 info it worked if it ends with ok
1 verbose cli [ '/home/ubuntu/.nvm/versions/node/v6.11.2/bin/node',
1 verbose cli   '/home/ubuntu/.nvm/versions/node/v6.11.2/bin/npm',
1 verbose cli   'run',
1 verbose cli   'cover' ]
2 info using npm@3.10.10
3 info using node@v6.11.2
4 verbose run-script [ 'precover', 'cover', 'postcover' ]
5 info lifecycle yummyli@1.12.2~precover: yummyli@1.12.2
6 silly lifecycle yummyli@1.12.2~precover: no script for precover, continuing
7 info lifecycle yummyli@1.12.2~cover: yummyli@1.12.2
8 verbose lifecycle yummyli@1.12.2~cover: unsafe-perm in lifecycle true
9 verbose lifecycle yummyli@1.12.2~cover: PATH: /home/ubuntu/.nvm/versions/node/v6.11.2/lib/node_modules/npm/bin/node-gyp-bin:/home/ubuntu/workspace/node_modules/.bin:/home/ubuntu/.nvm/versions/node/v6.11.2/bin:/usr/local/rvm/gems/ruby-2.4.0/bin:/usr/local/rvm/gems/ruby-2.4.0@global/bin:/usr/local/rvm/rubies/ruby-2.4.0/bin:/mnt/shared/bin:/home/ubuntu/workspace/node_modules/.bin:/home/ubuntu/bin:/usr/local/sbin:/usr/local/bin:/usr/sbin:/usr/bin:/sbin:/bin:/mnt/shared/sbin:/opt/gitl:/opt/go/bin:/mnt/shared/c9/app.nw/bin:/usr/local/rvm/bin
10 verbose lifecycle yummyli@1.12.2~cover: CWD: /home/ubuntu/workspace
11 silly lifecycle yummyli@1.12.2~cover: Args: [ '-c', 'istanbul cover _mocha' ]
12 silly lifecycle yummyli@1.12.2~cover: Returned: code: 1  signal: null
13 info lifecycle yummyli@1.12.2~cover: Failed to exec cover script
14 verbose stack Error: yummyli@1.12.2 cover: `istanbul cover _mocha`
14 verbose stack Exit status 1
14 verbose stack     at EventEmitter.<anonymous> (/home/ubuntu/.nvm/versions/node/v6.11.2/lib/node_modules/npm/lib/utils/lifecycle.js:255:16)
14 verbose stack     at emitTwo (events.js:106:13)
14 verbose stack     at EventEmitter.emit (events.js:191:7)
14 verbose stack     at ChildProcess.<anonymous> (/home/ubuntu/.nvm/versions/node/v6.11.2/lib/node_modules/npm/lib/utils/spawn.js:40:14)
14 verbose stack     at emitTwo (events.js:106:13)
14 verbose stack     at ChildProcess.emit (events.js:191:7)
14 verbose stack     at maybeClose (internal/child_process.js:891:16)
14 verbose stack     at Process.ChildProcess._handle.onexit (internal/child_process.js:226:5)
15 verbose pkgid yummyli@1.12.2
16 verbose cwd /home/ubuntu/workspace
17 error Linux 4.9.17-c9
18 error argv "/home/ubuntu/.nvm/versions/node/v6.11.2/bin/node" "/home/ubuntu/.nvm/versions/node/v6.11.2/bin/npm" "run" "cover"
19 error node v6.11.2
20 error npm  v3.10.10
21 error code ELIFECYCLE
22 error yummyli@1.12.2 cover: `istanbul cover _mocha`
22 error Exit status 1
23 error Failed at the yummyli@1.12.2 cover script 'istanbul cover _mocha'.
23 error Make sure you have the latest version of node.js and npm installed.
23 error If you do, this is most likely a problem with the yummyli package,
23 error not with npm itself.
23 error Tell the author that this fails on your system:
23 error     istanbul cover _mocha
23 error You can get information on how to open an issue for this project with:
23 error     npm bugs yummyli
23 error Or if that isn't available, you can get their info via:
23 error     npm owner ls yummyli
23 error There is likely additional logging output above.
24 verbose exit [ 1, true ]
